<?xml version="1.0" encoding="UTF-8"?>
<!-- Generated by org.testng.reporters.JUnitReportReporter -->
<testsuite skipped="0" hostname="Manju" name="forestrymanagementselenium.ForestryTest" tests="2" failures="0" timestamp="26 Jan 2020 15:48:10 GMT" time="1.916" errors="0">
  <testcase name="register" time="1.084" classname="forestrymanagementselenium.ForestryTest"/>
  <testcase name="login" time="0.832" classname="forestrymanagementselenium.ForestryTest"/>
</testsuite> <!-- forestrymanagementselenium.ForestryTest -->
