<?xml version="1.0" encoding="UTF-8"?>
<!-- Generated by org.testng.reporters.JUnitReportReporter -->
<testsuite skipped="0" hostname="Manju" name="forestrymanagementselenium.GetAllCustomersTest" tests="1" failures="0" timestamp="26 Jan 2020 16:38:12 GMT" time="1.170" errors="0">
  <testcase name="getAllCustomers" time="1.170" classname="forestrymanagementselenium.GetAllCustomersTest"/>
</testsuite> <!-- forestrymanagementselenium.GetAllCustomersTest -->
