<?xml version="1.0" encoding="UTF-8"?>
<!-- Generated by org.testng.reporters.JUnitReportReporter -->
<testsuite skipped="0" hostname="Manju" name="forestrymanagementselenium.RegisterTest" tests="1" failures="0" timestamp="26 Jan 2020 16:05:12 GMT" time="2.608" errors="0">
  <testcase name="addCustomer" time="2.608" classname="forestrymanagementselenium.RegisterTest"/>
</testsuite> <!-- forestrymanagementselenium.RegisterTest -->
