<?xml version="1.0" encoding="UTF-8"?>
<!-- Generated by org.testng.reporters.JUnitReportReporter -->
<testsuite skipped="0" hostname="Manju" name="forestrymanagementselenium.AlreadyRegisteredTest" tests="1" failures="0" timestamp="26 Jan 2020 16:36:38 GMT" time="1.039" errors="0">
  <testcase name="alreadyRegistered" time="1.039" classname="forestrymanagementselenium.AlreadyRegisteredTest"/>
</testsuite> <!-- forestrymanagementselenium.AlreadyRegisteredTest -->
