<?xml version="1.0" encoding="UTF-8"?>
<!-- Generated by org.testng.reporters.JUnitReportReporter -->
<testsuite skipped="0" hostname="Manju" name="forestrymanagementselenium.AddCustomerTest" tests="1" failures="0" timestamp="28 Jan 2020 10:07:01 GMT" time="3.698" errors="0">
  <testcase name="addCustomer" time="3.698" classname="forestrymanagementselenium.AddCustomerTest"/>
</testsuite> <!-- forestrymanagementselenium.AddCustomerTest -->
