<?xml version="1.0" encoding="UTF-8"?>
<!-- Generated by org.testng.reporters.JUnitReportReporter -->
<testsuite skipped="0" hostname="Manju" name="com.cg.loanprocessingsystemselenium.GetAllLoanDetails" tests="1" failures="0" timestamp="05 Feb 2020 18:05:23 GMT" time="1.918" errors="0">
  <testcase name="getAllLoanDetails" time="1.918" classname="com.cg.loanprocessingsystemselenium.GetAllLoanDetails"/>
</testsuite> <!-- com.cg.loanprocessingsystemselenium.GetAllLoanDetails -->
