<?xml version="1.0" encoding="UTF-8"?>
<!-- Generated by org.testng.reporters.JUnitReportReporter -->
<testsuite skipped="0" hostname="Manju" name="com.cg.loanprocessingsystemselenium.CustomerApply" tests="1" failures="0" timestamp="05 Feb 2020 17:20:47 GMT" time="6.218" errors="0">
  <testcase name="customerApply" time="6.218" classname="com.cg.loanprocessingsystemselenium.CustomerApply"/>
</testsuite> <!-- com.cg.loanprocessingsystemselenium.CustomerApply -->
