<?xml version="1.0" encoding="UTF-8"?>
<!-- Generated by org.testng.reporters.JUnitReportReporter -->
<testsuite skipped="0" hostname="Manju" name="com.cg.loanprocessingsystemselenium.GetAllLoanStatus" tests="1" failures="0" timestamp="05 Feb 2020 17:32:01 GMT" time="3.187" errors="0">
  <testcase name="getLoanStatus" time="3.187" classname="com.cg.loanprocessingsystemselenium.GetAllLoanStatus"/>
</testsuite> <!-- com.cg.loanprocessingsystemselenium.GetAllLoanStatus -->
