<?xml version="1.0" encoding="UTF-8"?>
<!-- Generated by org.testng.reporters.JUnitReportReporter -->
<testsuite skipped="0" hostname="Manju" name="com.cg.loanprocessingsystemselenium.AddLoanDetails" tests="1" failures="0" timestamp="05 Feb 2020 17:16:24 GMT" time="4.717" errors="0">
  <testcase name="addLoanDetails" time="4.717" classname="com.cg.loanprocessingsystemselenium.AddLoanDetails"/>
</testsuite> <!-- com.cg.loanprocessingsystemselenium.AddLoanDetails -->
