<?xml version="1.0" encoding="UTF-8"?>
<!-- Generated by org.testng.reporters.JUnitReportReporter -->
<testsuite skipped="0" hostname="Manju" name="com.cg.loanprocessingsystemselenium.GetAllCustomersInfo" tests="1" failures="0" timestamp="05 Feb 2020 17:23:41 GMT" time="4.618" errors="0">
  <testcase name="getAllCustomers" time="4.618" classname="com.cg.loanprocessingsystemselenium.GetAllCustomersInfo"/>
</testsuite> <!-- com.cg.loanprocessingsystemselenium.GetAllCustomersInfo -->
