<?xml version="1.0" encoding="UTF-8"?>
<!-- Generated by org.testng.reporters.JUnitReportReporter -->
<testsuite skipped="0" hostname="Manju" name="com.cg.loanprocessingsystemselenium.AddEmployee" tests="1" failures="0" timestamp="06 Feb 2020 09:32:20 GMT" time="3.263" errors="0">
  <testcase name="addEmployee" time="3.263" classname="com.cg.loanprocessingsystemselenium.AddEmployee"/>
</testsuite> <!-- com.cg.loanprocessingsystemselenium.AddEmployee -->
