<?xml version="1.0" encoding="UTF-8"?>
<!-- Generated by org.testng.reporters.JUnitReportReporter -->
<testsuite skipped="0" hostname="Manju" name="com.cg.loanprocessingsystemselenium.LoginDepartment" tests="1" failures="0" timestamp="05 Feb 2020 17:26:59 GMT" time="0.952" errors="0">
  <testcase name="loginDept" time="0.952" classname="com.cg.loanprocessingsystemselenium.LoginDepartment"/>
</testsuite> <!-- com.cg.loanprocessingsystemselenium.LoginDepartment -->
