<?xml version="1.0" encoding="UTF-8"?>
<!-- Generated by org.testng.reporters.JUnitReportReporter -->
<testsuite skipped="0" hostname="Manju" name="com.cg.loanprocessingsystemselenium.AdminLogin" tests="1" failures="0" timestamp="05 Feb 2020 17:12:05 GMT" time="1.605" errors="0">
  <testcase name="adminLogin" time="1.605" classname="com.cg.loanprocessingsystemselenium.AdminLogin"/>
</testsuite> <!-- com.cg.loanprocessingsystemselenium.AdminLogin -->
