<?xml version="1.0" encoding="UTF-8"?>
<!-- Generated by org.testng.reporters.JUnitReportReporter -->
<testsuite skipped="0" hostname="Manju" name="com.cg.loanprocessingsystemselenium.Logout" tests="1" failures="0" timestamp="05 Feb 2020 18:07:52 GMT" time="1.357" errors="0">
  <testcase name="logout" time="1.357" classname="com.cg.loanprocessingsystemselenium.Logout"/>
</testsuite> <!-- com.cg.loanprocessingsystemselenium.Logout -->
